2016-07-13T15:25:33+00:00 DEBUG (7): Security problem: cms/block has not been whitelisted.
2016-07-13T15:25:33+00:00 DEBUG (7): Security problem: cms/block has not been whitelisted.
2016-07-13T15:25:37+00:00 DEBUG (7): Security problem: cms/block has not been whitelisted.
2016-07-13T15:25:37+00:00 DEBUG (7): Security problem: cms/block has not been whitelisted.
2016-07-13T15:25:37+00:00 DEBUG (7): Security problem: cms/block has not been whitelisted.
2016-07-14T06:43:35+00:00 DEBUG (7): Security problem: cms/block has not been whitelisted.
2016-07-14T06:43:35+00:00 DEBUG (7): Security problem: cms/block has not been whitelisted.
2016-07-14T06:46:34+00:00 DEBUG (7): Security problem: cms/block has not been whitelisted.
2016-07-14T06:46:34+00:00 DEBUG (7): Security problem: cms/block has not been whitelisted.
2016-07-14T06:48:28+00:00 DEBUG (7): Security problem: cms/block has not been whitelisted.
2016-07-14T06:48:28+00:00 DEBUG (7): Security problem: cms/block has not been whitelisted.
2016-07-14T06:48:28+00:00 DEBUG (7): Security problem: cms/block has not been whitelisted.
2016-07-14T06:50:10+00:00 DEBUG (7): Security problem: cms/block has not been whitelisted.
2016-07-14T06:50:10+00:00 DEBUG (7): Security problem: cms/block has not been whitelisted.
2016-07-14T06:50:10+00:00 DEBUG (7): Security problem: cms/block has not been whitelisted.
2016-07-14T10:24:31+00:00 DEBUG (7): Security problem: cms/block has not been whitelisted.
2016-07-14T10:24:31+00:00 DEBUG (7): Security problem: cms/block has not been whitelisted.
2016-07-14T10:52:47+00:00 DEBUG (7): Security problem: cms/block has not been whitelisted.
2016-07-14T10:52:47+00:00 DEBUG (7): Security problem: cms/block has not been whitelisted.
2016-07-14T10:52:58+00:00 DEBUG (7): Security problem: cms/block has not been whitelisted.
2016-07-14T10:52:58+00:00 DEBUG (7): Security problem: cms/block has not been whitelisted.
2016-07-14T10:53:31+00:00 DEBUG (7): Security problem: cms/block has not been whitelisted.
2016-07-14T10:53:31+00:00 DEBUG (7): Security problem: cms/block has not been whitelisted.
2016-07-14T10:53:45+00:00 DEBUG (7): Security problem: cms/block has not been whitelisted.
2016-07-14T10:53:45+00:00 DEBUG (7): Security problem: cms/block has not been whitelisted.
2016-07-14T10:53:58+00:00 DEBUG (7): Security problem: cms/block has not been whitelisted.
2016-07-14T10:53:58+00:00 DEBUG (7): Security problem: cms/block has not been whitelisted.
2016-07-14T10:55:24+00:00 DEBUG (7): Security problem: cms/block has not been whitelisted.
2016-07-14T10:55:24+00:00 DEBUG (7): Security problem: cms/block has not been whitelisted.
2016-07-14T10:56:45+00:00 DEBUG (7): Security problem: cms/block has not been whitelisted.
2016-07-14T10:56:45+00:00 DEBUG (7): Security problem: cms/block has not been whitelisted.
2016-07-14T11:24:05+00:00 DEBUG (7): Security problem: cms/block has not been whitelisted.
2016-07-14T11:24:05+00:00 DEBUG (7): Security problem: cms/block has not been whitelisted.
2016-07-14T11:24:46+00:00 DEBUG (7): Security problem: cms/block has not been whitelisted.
2016-07-14T11:24:46+00:00 DEBUG (7): Security problem: cms/block has not been whitelisted.
2016-07-14T11:27:50+00:00 DEBUG (7): Security problem: cms/block has not been whitelisted.
2016-07-14T11:27:50+00:00 DEBUG (7): Security problem: cms/block has not been whitelisted.
2016-07-14T11:47:22+00:00 DEBUG (7): Security problem: cms/block has not been whitelisted.
2016-07-14T11:47:22+00:00 DEBUG (7): Security problem: cms/block has not been whitelisted.
2016-07-14T11:56:44+00:00 DEBUG (7): Security problem: cms/block has not been whitelisted.
2016-07-14T11:56:44+00:00 DEBUG (7): Security problem: cms/block has not been whitelisted.
2016-07-14T14:27:14+00:00 DEBUG (7): Security problem: cms/block has not been whitelisted.
2016-07-14T14:27:14+00:00 DEBUG (7): Security problem: cms/block has not been whitelisted.
2016-07-14T14:30:25+00:00 DEBUG (7): Security problem: cms/block has not been whitelisted.
2016-07-14T14:30:25+00:00 DEBUG (7): Security problem: cms/block has not been whitelisted.
2016-07-14T14:33:31+00:00 DEBUG (7): Security problem: cms/block has not been whitelisted.
2016-07-14T14:33:31+00:00 DEBUG (7): Security problem: cms/block has not been whitelisted.
2016-07-14T14:43:25+00:00 DEBUG (7): Security problem: cms/block has not been whitelisted.
2016-07-14T14:43:25+00:00 DEBUG (7): Security problem: cms/block has not been whitelisted.
2016-07-14T15:57:55+00:00 DEBUG (7): Security problem: test/test has not been whitelisted.
2016-07-14T15:58:12+00:00 DEBUG (7): Security problem: test/test has not been whitelisted.
2016-07-14T16:00:04+00:00 DEBUG (7): Security problem: test/test has not been whitelisted.
2016-07-14T16:08:39+00:00 DEBUG (7): Security problem: test/test has not been whitelisted.
2016-07-14T16:09:32+00:00 DEBUG (7): Security problem: test/test has not been whitelisted.
2016-07-14T16:10:08+00:00 DEBUG (7): Security problem: test/test has not been whitelisted.
2016-07-14T16:10:46+00:00 DEBUG (7): Security problem: test/test has not been whitelisted.
2016-07-14T16:11:15+00:00 DEBUG (7): Security problem: test/test has not been whitelisted.
2016-07-15T07:29:35+00:00 DEBUG (7): Security problem: test/test has not been whitelisted.
2016-07-15T07:29:36+00:00 DEBUG (7): Security problem: test/test has not been whitelisted.
2016-07-15T08:02:05+00:00 DEBUG (7): Security problem: testmodule/testBlock has not been whitelisted.
2016-07-15T08:02:13+00:00 DEBUG (7): Security problem: testmodule/testBlock has not been whitelisted.
2016-07-15T08:03:34+00:00 DEBUG (7): Security problem: testmodule/testBlock has not been whitelisted.
2016-07-15T08:03:35+00:00 DEBUG (7): Security problem: testmodule/testBlock has not been whitelisted.
2016-07-15T08:04:44+00:00 DEBUG (7): Security problem: testmodule/testBlock has not been whitelisted.
2016-07-15T08:11:24+00:00 DEBUG (7): Security problem: testmodule/testBlock has not been whitelisted.
2016-07-15T08:32:45+00:00 DEBUG (7): Security problem: cms/block has not been whitelisted.
2016-07-15T08:32:45+00:00 DEBUG (7): Security problem: cms/block has not been whitelisted.
2016-07-15T08:33:04+00:00 DEBUG (7): Security problem: cms/block has not been whitelisted.
2016-07-15T08:33:04+00:00 DEBUG (7): Security problem: cms/block has not been whitelisted.
2016-07-15T08:34:36+00:00 DEBUG (7): Security problem: cms/block has not been whitelisted.
2016-07-15T08:34:36+00:00 DEBUG (7): Security problem: cms/block has not been whitelisted.
2016-07-15T08:34:36+00:00 DEBUG (7): Security problem: testmodule/testBlock has not been whitelisted.
2016-07-15T08:36:33+00:00 DEBUG (7): Security problem: cms/block has not been whitelisted.
2016-07-15T08:36:33+00:00 DEBUG (7): Security problem: cms/block has not been whitelisted.
2016-07-15T08:36:33+00:00 DEBUG (7): Security problem: testmodule/testBlock has not been whitelisted.
2016-07-15T08:57:14+00:00 CRIT (2): Not valid template file:frontend/base/default/template/mytheme/test/test.phtml
2016-07-15T09:01:43+00:00 CRIT (2): Not valid template file:frontend/base/default/template/mytheme/test/test.phtml
2016-07-15T09:02:15+00:00 CRIT (2): Not valid template file:frontend/base/default/template/mytheme/test/test.phtml
2016-07-15T09:02:27+00:00 CRIT (2): Not valid template file:frontend/base/default/template/mytheme/test/test.phtml
2016-07-15T09:02:33+00:00 CRIT (2): Not valid template file:frontend/base/default/template/mytheme/test/test.phtml
2016-07-15T09:02:42+00:00 CRIT (2): Not valid template file:frontend/base/default/template/mytheme/test/test.phtml
2016-07-15T09:03:26+00:00 CRIT (2): Not valid template file:frontend/base/default/template/mytheme/test/test.phtml
2016-07-15T09:03:49+00:00 CRIT (2): Not valid template file:frontend/base/default/template/mytheme/test/test.phtml
2016-07-15T09:06:49+00:00 CRIT (2): Not valid template file:frontend/base/default/template/mytheme/test/test.phtml
2016-07-15T09:06:59+00:00 CRIT (2): Not valid template file:frontend/base/default/template/mytheme/test/test.phtml
2016-07-15T09:07:21+00:00 CRIT (2): Not valid template file:frontend/base/default/template/mytheme/test/test.phtml
2016-07-15T09:07:21+00:00 CRIT (2): Not valid template file:frontend/base/default/template/mytheme/test/test.phtml
2016-07-15T09:07:55+00:00 CRIT (2): Not valid template file:frontend/base/default/template/mytheme/test/test.phtml
2016-07-15T09:08:43+00:00 CRIT (2): Not valid template file:frontend/base/default/template/mytheme/test/test.phtml
2016-07-15T09:09:07+00:00 CRIT (2): Not valid template file:frontend/base/default/template/mytheme/test/test.phtml
2016-07-15T09:09:38+00:00 CRIT (2): Not valid template file:frontend/base/default/template/mytheme/test/test.phtml
2016-07-15T09:54:12+00:00 CRIT (2): Not valid template file:frontend/base/default/template/test/login.phtml
2016-07-15T09:54:14+00:00 CRIT (2): Not valid template file:frontend/base/default/template/test/login.phtml
2016-07-15T10:25:30+00:00 CRIT (2): Not valid template file:frontend/base/default/template/default
2016-07-15T10:41:17+00:00 DEBUG (7): Security problem: cms/block has not been whitelisted.
2016-07-15T10:41:17+00:00 DEBUG (7): Security problem: cms/block has not been whitelisted.
2016-07-15T10:41:17+00:00 DEBUG (7): Security problem: testmodule/testBlock has not been whitelisted.
2016-07-15T10:57:51+00:00 CRIT (2): Not valid template file:frontend/base/default/template/page/2columns.phtml
2016-07-15T11:32:29+00:00 DEBUG (7): Security problem: cms/block has not been whitelisted.
2016-07-15T11:32:29+00:00 DEBUG (7): Security problem: cms/block has not been whitelisted.
2016-07-15T11:32:29+00:00 DEBUG (7): Security problem: testmodule/testBlock has not been whitelisted.
2016-07-15T11:32:38+00:00 DEBUG (7): Security problem: cms/block has not been whitelisted.
2016-07-15T11:32:38+00:00 DEBUG (7): Security problem: cms/block has not been whitelisted.
2016-07-15T11:32:38+00:00 DEBUG (7): Security problem: testmodule/testBlock has not been whitelisted.
2016-07-15T11:33:28+00:00 DEBUG (7): Security problem: cms/block has not been whitelisted.
2016-07-15T11:33:28+00:00 DEBUG (7): Security problem: cms/block has not been whitelisted.
2016-07-15T11:33:28+00:00 DEBUG (7): Security problem: testmodule/testBlock has not been whitelisted.
2016-07-15T11:35:57+00:00 DEBUG (7): Security problem: spet_testmodule/testBlock has not been whitelisted.
2016-07-15T11:37:24+00:00 DEBUG (7): Security problem: testmodule/testBlock has not been whitelisted.
2016-07-15T11:41:48+00:00 DEBUG (7): Security problem: testmodule/testBlock has not been whitelisted.
2016-07-15T11:41:57+00:00 DEBUG (7): Security problem: testmodule/testBlock has not been whitelisted.
2016-07-15T14:03:31+00:00 DEBUG (7): Security problem: testmodule/testBlock has not been whitelisted.
2016-07-15T14:04:14+00:00 DEBUG (7): Security problem: cms/block has not been whitelisted.
2016-07-18T08:24:07+00:00 DEBUG (7): HEADERS ALREADY SENT: <pre>[0] /home/spet/www/magento1/app/code/core/Mage/Core/Controller/Response/Http.php:52
[1] /home/spet/www/magento1/lib/Zend/Controller/Response/Abstract.php:768
[2] /home/spet/www/magento1/app/code/core/Mage/Core/Controller/Response/Http.php:84
[3] /home/spet/www/magento1/app/code/core/Mage/Core/Controller/Varien/Front.php:184
[4] /home/spet/www/magento1/app/code/core/Mage/Core/Model/App.php:365
[5] /home/spet/www/magento1/app/Mage.php:684
[6] /home/spet/www/magento1/index.php:83
</pre>
2016-07-18T08:25:11+00:00 DEBUG (7): HEADERS ALREADY SENT: <pre>[0] /home/spet/www/magento1/app/code/core/Mage/Core/Controller/Response/Http.php:52
[1] /home/spet/www/magento1/lib/Zend/Controller/Response/Abstract.php:768
[2] /home/spet/www/magento1/app/code/core/Mage/Core/Controller/Response/Http.php:84
[3] /home/spet/www/magento1/app/code/core/Mage/Core/Controller/Varien/Front.php:184
[4] /home/spet/www/magento1/app/code/core/Mage/Core/Model/App.php:365
[5] /home/spet/www/magento1/app/Mage.php:684
[6] /home/spet/www/magento1/index.php:83
</pre>
2016-07-18T08:26:01+00:00 DEBUG (7): HEADERS ALREADY SENT: <pre>[0] /home/spet/www/magento1/app/code/core/Mage/Core/Controller/Response/Http.php:52
[1] /home/spet/www/magento1/lib/Zend/Controller/Response/Abstract.php:768
[2] /home/spet/www/magento1/app/code/core/Mage/Core/Controller/Response/Http.php:84
[3] /home/spet/www/magento1/app/code/core/Mage/Core/Controller/Varien/Front.php:184
[4] /home/spet/www/magento1/app/code/core/Mage/Core/Model/App.php:365
[5] /home/spet/www/magento1/app/Mage.php:684
[6] /home/spet/www/magento1/index.php:83
</pre>
2016-07-18T13:49:25+00:00 DEBUG (7): Security problem: cms/block has not been whitelisted.
2016-07-18T13:49:25+00:00 DEBUG (7): Security problem: cms/block has not been whitelisted.
2016-07-25T08:34:55+00:00 DEBUG (7): Security problem: cms/block has not been whitelisted.
2016-07-25T08:34:55+00:00 DEBUG (7): Security problem: cms/block has not been whitelisted.
2016-07-25T09:33:41+00:00 DEBUG (7): Security problem: cms/block has not been whitelisted.
2016-07-25T09:33:41+00:00 DEBUG (7): Security problem: cms/block has not been whitelisted.
2016-07-25T09:35:30+00:00 DEBUG (7): Security problem: cms/block has not been whitelisted.
2016-07-25T09:35:30+00:00 DEBUG (7): Security problem: cms/block has not been whitelisted.
2016-07-26T08:58:42+00:00 DEBUG (7): Security problem: cms/block has not been whitelisted.
2016-07-26T08:58:42+00:00 DEBUG (7): Security problem: cms/block has not been whitelisted.
